<?xml version="1.0" encoding="UTF-8"?>
<testng-results skipped="0" failed="0" ignored="0" total="1" passed="1">
  <reporter-output>
  </reporter-output>
  <suite name="Default suite" duration-ms="22963" started-at="2020-08-11T19:28:29Z" finished-at="2020-08-11T19:28:52Z">
    <groups>
    </groups>
    <test name="Default test" duration-ms="22963" started-at="2020-08-11T19:28:29Z" finished-at="2020-08-11T19:28:52Z">
      <class name="WeatherApplication.Testclass">
        <test-method status="PASS" signature="abc()[pri:0, instance:WeatherApplication.Testclass@4b9e13df]" name="abc" duration-ms="22905" started-at="2020-08-11T19:28:29Z" finished-at="2020-08-11T19:28:52Z">
          <reporter-output>
          </reporter-output>
        </test-method> <!-- abc -->
      </class> <!-- WeatherApplication.Testclass -->
    </test> <!-- Default test -->
  </suite> <!-- Default suite -->
</testng-results>
