<?xml version="1.0" encoding="UTF-8"?>
<testng-results skipped="0" failed="0" ignored="0" total="1" passed="1">
  <reporter-output>
  </reporter-output>
  <suite name="Default suite" duration-ms="87334" started-at="2020-08-13T14:03:16Z" finished-at="2020-08-13T14:04:44Z">
    <groups>
    </groups>
    <test name="Default test" duration-ms="87334" started-at="2020-08-13T14:03:16Z" finished-at="2020-08-13T14:04:44Z">
      <class name="testSuit.VerifyTempDataOnPopandUI">
        <test-method status="PASS" signature="Setup()[pri:0, instance:testSuit.VerifyTempDataOnPopandUI@77f1baf5]" name="Setup" is-config="true" duration-ms="77069" started-at="2020-08-13T14:03:16Z" finished-at="2020-08-13T14:04:33Z">
          <reporter-output>
          </reporter-output>
        </test-method> <!-- Setup -->
        <test-method status="PASS" signature="Test()[pri:0, instance:testSuit.VerifyTempDataOnPopandUI@77f1baf5]" name="Test" duration-ms="8019" started-at="2020-08-13T14:04:34Z" finished-at="2020-08-13T14:04:42Z">
          <reporter-output>
          </reporter-output>
        </test-method> <!-- Test -->
        <test-method status="PASS" signature="CleanUp()[pri:0, instance:testSuit.VerifyTempDataOnPopandUI@77f1baf5]" name="CleanUp" is-config="true" duration-ms="2064" started-at="2020-08-13T14:04:42Z" finished-at="2020-08-13T14:04:44Z">
          <reporter-output>
          </reporter-output>
        </test-method> <!-- CleanUp -->
      </class> <!-- testSuit.VerifyTempDataOnPopandUI -->
    </test> <!-- Default test -->
  </suite> <!-- Default suite -->
</testng-results>
